Mplus VERSION 8.6 (Mac)
MUTHEN & MUTHEN
02/27/2023   7:08 PM

INPUT INSTRUCTIONS

  TITLE:
  Distal Outcome Model with Control Covariate (Step3)
  DATA:
  FILE = "/Users/agarber/github/interpret-aux-vars/3step_mplus/EX1_Dist_Cov_Model.dat";

  VARIABLE:
  NAMES = REPORT_D REPORT_R REPORT_S COUNSELO PSYCH_FT LAW_FTE LUNCH_PR TITLE1_E
       TITLE1_S READ_TES MATH_TES CPROB1 CPROB2 CPROB3 N;
   MISSING=.;
   nominal = N;
    usevar = n;
    missing are all (999);

    usevar = lunch_pr read_tes math_tes;
    classes = c(3);
  DEFINE:
  Center lunch_pr (Grandmean);
  ANALYSIS:
  estimator = mlr;
    type = mixture;
    starts = 0;
  MODEL:
  !!! DISTAL OUTCOMES = read_tes math_tes !!!
  !!! COVARIATE = lunch_pr !!!

  %OVERALL%
  c on lunch_pr;                 !!! estimate covariate as predictor of latent class !!!

  read_tes on lunch_pr;          !!! estimate the direct effect of Y on X !!!
  math_tes on lunch_pr;

  read_tes;
  math_tes;

  %C#1%
  [n#1@1.192];
  [n#2@-3.911];

  [read_tes](m01);               !!! estimate conditional intercept mean !!!
  read_tes;                      !!! estimate conditional intercept variance !!!

  [math_tes] (m1);
  math_tes;

  %C#2%
  [n#1@0.28];
  [n#2@2.292];

  [read_tes](m02);
  read_tes;

  [math_tes] (m2);
  math_tes;

  %C#3%
  [n#1@-1.936];
  [n#2@-4.247];

  [read_tes](m03);
  read_tes;

  [math_tes] (m3);
  math_tes;
  MODEL CONSTRAINT:
  New (rdiff12 rdiff13
    rdiff23 mdiff12 mdiff13
    mdiff23);

    rdiff12 = m1-m2;   mdiff12 = m01-m02;
    rdiff13 = m1-m3;   mdiff13 = m01-m03;
    rdiff23 = m2-m3;   mdiff23 = m02-m03;
  MODEL TEST:
  !m01=m02;    !!! Distal outcome omnibus Wald test for `read_tes` !!!
    !m02=m03;

    m1=m2;       !!! Distal outcome omnibus Wald test for `math_tes` !!!
    m2=m3;





*** WARNING
  Data set contains cases with missing on x-variables.
  These cases were not included in the analysis.
  Number of cases with missing on x-variables:  50
   1 WARNING(S) FOUND IN THE INPUT INSTRUCTIONS




Distal Outcome Model with Control Covariate (Step3)

SUMMARY OF ANALYSIS

Number of groups                                                 1
Number of observations                                        1977

Number of dependent variables                                    3
Number of independent variables                                  1
Number of continuous latent variables                            0
Number of categorical latent variables                           1

Observed dependent variables

  Continuous
   READ_TES    MATH_TES

  Unordered categorical (nominal)
   N

Observed independent variables
   LUNCH_PR

Categorical latent variables
   C

Variables with special functions

  Centering (GRANDMEAN)
   LUNCH_PR


Estimator                                                      MLR
Information matrix                                        OBSERVED
Optimization Specifications for the Quasi-Newton Algorithm for
Continuous Outcomes
  Maximum number of iterations                                 100
  Convergence criterion                                  0.100D-05
Optimization Specifications for the EM Algorithm
  Maximum number of iterations                                 500
  Convergence criteria
    Loglikelihood change                                 0.100D-06
    Relative loglikelihood change                        0.100D-06
    Derivative                                           0.100D-05
Optimization Specifications for the M step of the EM Algorithm for
Categorical Latent variables
  Number of M step iterations                                    1
  M step convergence criterion                           0.100D-05
  Basis for M step termination                           ITERATION
Optimization Specifications for the M step of the EM Algorithm for
Censored, Binary or Ordered Categorical (Ordinal), Unordered
Categorical (Nominal) and Count Outcomes
  Number of M step iterations                                    1
  M step convergence criterion                           0.100D-05
  Basis for M step termination                           ITERATION
  Maximum value for logit thresholds                            15
  Minimum value for logit thresholds                           -15
  Minimum expected cell size for chi-square              0.100D-01
Maximum number of iterations for H1                           2000
Convergence criterion for H1                             0.100D-03
Optimization algorithm                                         EMA

Input data file(s)
  /Users/agarber/github/interpret-aux-vars/3step_mplus/EX1_Dist_Cov_Model.dat
Input data format  FREE


SUMMARY OF DATA

     Number of missing data patterns             3
     Number of y missing data patterns           3
     Number of u missing data patterns           0


COVARIANCE COVERAGE OF DATA

Minimum covariance coverage value   0.100


     PROPORTION OF DATA PRESENT FOR Y


           Covariance Coverage
              READ_TES      MATH_TES      LUNCH_PR
              ________      ________      ________
 READ_TES       0.947
 MATH_TES       0.945         0.945
 LUNCH_PR       0.947         0.945         1.000


UNIVARIATE PROPORTIONS AND COUNTS FOR CATEGORICAL VARIABLES

    N
      Category 1    0.289          571.000
      Category 2    0.098          193.000
      Category 3    0.614         1213.000



UNIVARIATE SAMPLE STATISTICS


     UNIVARIATE HIGHER-ORDER MOMENT DESCRIPTIVE STATISTICS

         Variable/         Mean/     Skewness/   Minimum/ % with                Percentiles
        Sample Size      Variance    Kurtosis    Maximum  Min/Max      20%/60%    40%/80%    Median

     READ_TES             42.765       0.309       2.000    0.05%      24.500     34.000     40.000
            1873.000     405.348      -0.699      99.500    0.05%      47.000     62.000
     MATH_TES             41.580       0.336       0.500    0.05%      24.000     33.000     39.000
            1869.000     431.377      -0.666      97.500    0.11%      46.000     62.000
     LUNCH_PR              0.000      -1.652      -0.818   18.16%       0.182      0.182      0.182
            1977.000       0.149       0.729       0.182   81.84%       0.182      0.182


     WARNING:  THE SAMPLE VARIANCE OF LUNCH_PR IN CLASS 1 IS  0.000.

     ONE OR MORE MULTINOMIAL LOGIT PARAMETERS WERE FIXED TO AVOID SINGULARITY
     OF THE INFORMATION MATRIX.  THE SINGULARITY IS MOST LIKELY BECAUSE THE
     MODEL IS NOT IDENTIFIED, OR BECAUSE OF EMPTY CELLS IN THE JOINT
     DISTRIBUTION OF THE CATEGORICAL LATENT VARIABLES AND ANY INDEPENDENT
     VARIABLES.  THE FOLLOWING PARAMETERS WERE FIXED:
     Parameter 18, C#1 ON LUNCH_PR


THE MODEL ESTIMATION TERMINATED NORMALLY



MODEL FIT INFORMATION

Number of Free Parameters                       19

Loglikelihood

          H0 Value                      -16384.243
          H0 Scaling Correction Factor      1.0989
            for MLR

Information Criteria

          Akaike (AIC)                   32806.485
          Bayesian (BIC)                 32912.683
          Sample-Size Adjusted BIC       32852.319
            (n* = (n + 2) / 24)

Wald Test of Parameter Constraints

          Value                              1.112
          Degrees of Freedom                     2
          P-Value                           0.5734



FINAL CLASS COUNTS AND PROPORTIONS FOR THE LATENT CLASSES
BASED ON THE ESTIMATED MODEL

    Latent
   Classes

       1        550.66505          0.27854
       2        214.50999          0.10850
       3       1211.82496          0.61296


FINAL CLASS COUNTS AND PROPORTIONS FOR THE LATENT CLASSES
BASED ON ESTIMATED POSTERIOR PROBABILITIES

    Latent
   Classes

       1        550.66505          0.27854
       2        214.50999          0.10850
       3       1211.82496          0.61296


FINAL CLASS COUNTS AND PROPORTIONS FOR THE LATENT CLASSES
BASED ON THEIR MOST LIKELY LATENT CLASS MEMBERSHIP

Class Counts and Proportions

    Latent
   Classes

       1              491          0.24836
       2              187          0.09459
       3             1299          0.65706


CLASSIFICATION QUALITY

     Entropy                         0.608


Average Latent Class Probabilities for Most Likely Latent Class Membership (Row)
by Latent Class (Column)

           1        2        3

    1   0.794    0.039    0.167
    2   0.013    0.913    0.073
    3   0.122    0.019    0.859


Classification Probabilities for the Most Likely Latent Class Membership (Column)
by Latent Class (Row)

           1        2        3

    1   0.708    0.005    0.288
    2   0.089    0.796    0.114
    3   0.068    0.011    0.921


Logits for the Classification Probabilities for the Most Likely Latent Class Membership (Column)
by Latent Class (Row)

              1        2        3

    1      0.900   -4.144    0.000
    2     -0.247    1.940    0.000
    3     -2.610   -4.401    0.000


MODEL RESULTS

                                                    Two-Tailed
                    Estimate       S.E.  Est./S.E.    P-Value

Latent Class 1

 READ_TES   ON
    LUNCH_PR          -9.021      1.609     -5.605      0.000

 MATH_TES   ON
    LUNCH_PR          -6.650      1.685     -3.947      0.000

 MATH_TES WITH
    READ_TES         375.853     10.609     35.428      0.000

 Means
    N#1                1.192      0.000    999.000    999.000
    N#2               -3.911      0.000    999.000    999.000

 Intercepts
    READ_TES          41.928      1.109     37.799      0.000
    MATH_TES          41.329      1.140     36.245      0.000

 Residual Variances
    READ_TES         372.140     11.688     31.839      0.000
    MATH_TES         403.344     12.169     33.146      0.000

Latent Class 2

 READ_TES   ON
    LUNCH_PR          -9.021      1.609     -5.605      0.000

 MATH_TES   ON
    LUNCH_PR          -6.650      1.685     -3.947      0.000

 MATH_TES WITH
    READ_TES         375.853     10.609     35.428      0.000

 Means
    N#1                0.280      0.000    999.000    999.000
    N#2                2.292      0.000    999.000    999.000

 Intercepts
    READ_TES          42.467      1.508     28.166      0.000
    MATH_TES          40.258      1.560     25.814      0.000

 Residual Variances
    READ_TES         379.980     13.296     28.579      0.000
    MATH_TES         403.448     15.158     26.615      0.000

Latent Class 3

 READ_TES   ON
    LUNCH_PR          -9.021      1.609     -5.605      0.000

 MATH_TES   ON
    LUNCH_PR          -6.650      1.685     -3.947      0.000

 MATH_TES WITH
    READ_TES         375.853     10.609     35.428      0.000

 Means
    N#1               -1.936      0.000    999.000    999.000
    N#2               -4.247      0.000    999.000    999.000

 Intercepts
    READ_TES          43.499      0.697     62.370      0.000
    MATH_TES          42.128      0.731     57.602      0.000

 Residual Variances
    READ_TES         401.613     11.039     36.382      0.000
    MATH_TES         436.514     11.976     36.451      0.000

Categorical Latent Variables

 C#1        ON
    LUNCH_PR        1555.253      0.000    999.000    999.000

 C#2        ON
    LUNCH_PR           1.502      0.338      4.437      0.000

 Intercepts
    C#1             -282.873      0.093  -3053.452      0.000
    C#2               -1.757      0.100    -17.623      0.000

New/Additional Parameters
    RDIFF12            1.072      1.896      0.565      0.572
    RDIFF13           -0.799      1.524     -0.524      0.600
    RDIFF23           -1.870      1.795     -1.042      0.297
    MDIFF12           -0.539      1.851     -0.291      0.771
    MDIFF13           -1.570      1.471     -1.067      0.286
    MDIFF23           -1.032      1.724     -0.598      0.550


QUALITY OF NUMERICAL RESULTS

     Condition Number for the Information Matrix              0.789E-07
       (ratio of smallest to largest eigenvalue)


LOGISTIC REGRESSION ODDS RATIO RESULTS

                                                95% C.I.
                    Estimate       S.E.  Lower 2.5% Upper 2.5%

Categorical Latent Variables

 C#1      ON
    LUNCH_PR         999.000    999.000    999.000    999.000

 C#2      ON
    LUNCH_PR           4.491      1.520      2.313      8.719


ALTERNATIVE PARAMETERIZATIONS FOR THE CATEGORICAL LATENT VARIABLE REGRESSION

                                                    Two-Tailed
                    Estimate       S.E.  Est./S.E.    P-Value

Parameterization using Reference Class 1

 C#2      ON
    LUNCH_PR       -1553.751      0.338  -4590.214      0.000

 C#3      ON
    LUNCH_PR       -1555.253      0.000      0.000      1.000

 Intercepts
    C#2              281.116      0.114   2466.447      0.000
    C#3              282.873      0.093   3053.452      0.000

Parameterization using Reference Class 2

 C#1      ON
    LUNCH_PR        1553.751      0.338   4590.214      0.000

 C#3      ON
    LUNCH_PR          -1.502      0.338     -4.437      0.000

 Intercepts
    C#1             -281.116      0.114  -2466.447      0.000
    C#3                1.757      0.100     17.623      0.000


ODDS RATIO FOR THE ALTERNATIVE PARAMETERIZATIONS FOR THE CATEGORICAL LATENT VARIABLE REGRESSION

                                                95% C.I.
                    Estimate       S.E.  Lower 2.5% Upper 2.5%

Parameterization using Reference Class 1

 C#2      ON
    LUNCH_PR           0.000      0.000      0.000      0.000

 C#3      ON
    LUNCH_PR           0.000      0.000      0.000      0.000

Parameterization using Reference Class 2

 C#1      ON
    LUNCH_PR         999.000    999.000    999.000    999.000

 C#3      ON
    LUNCH_PR           0.223      0.075      0.115      0.432


     Beginning Time:  19:08:41
        Ending Time:  19:08:42
       Elapsed Time:  00:00:01



MUTHEN & MUTHEN
3463 Stoner Ave.
Los Angeles, CA  90066

Tel: (310) 391-9971
Fax: (310) 391-8971
Web: www.StatModel.com
Support: Support@StatModel.com

Copyright (c) 1998-2021 Muthen & Muthen
