Mplus VERSION 8.6 (Mac)
MUTHEN & MUTHEN
02/27/2023   7:10 PM

INPUT INSTRUCTIONS

  TITLE:
  Step3  (MANUAL 3-STEP ML APPROACH)
  DATA:
  FILE = "/Users/agarber/github/interpret-aux-vars/3step_mplus/EX2_Moderation_Model.dat";

  VARIABLE:
  NAMES = REPORT_D REPORT_R REPORT_S COUNSELO PSYCH_FT LAW_FTE LUNCH_PR TITLE1_E
       TITLE1_S READ_TES MATH_TES CPROB1 CPROB2 CPROB3 N;
   MISSING=.;
   nominal = N;
    usevar = n;
    missing are all (999);

    usevar = lunch_pr read_tes math_tes;
    classes = c(3);
  DEFINE:
  Center lunch_pr (Grandmean);
  ANALYSIS:
  estimator = mlr;
    type = mixture;
    starts = 0;
  MODEL:
  !!! OUTCOMES = read_tes math_tes !!!
  !!! COVARIATE = lunch_pr !!!
  !!! MODERATOR = C !!!

  %OVERALL%
  read_tes on lunch_pr;
  read_tes;

  math_tes on lunch_pr;
  math_tes;

  %C#1%
  [n#1@1.192];
  [n#2@-3.911];

  [read_tes](m01);
  read_tes;                    !!! estimate conditional intercept !!!
  read_tes on lunch_pr (s01);    !!! estimate conditional regression !!!

  [math_tes] (m1);
  math_tes;
  math_tes on lunch_pr (s1);

  %C#2%
  [n#1@0.28];
  [n#2@2.292];

  [read_tes](m02);
  read_tes;
  read_tes on lunch_pr (s02);

  [math_tes] (m2);
  math_tes;
  math_tes on lunch_pr (s2);

  %C#3%
  [n#1@-1.936];
  [n#2@-4.247];

  [read_tes](m03);
  read_tes;
  read_tes on lunch_pr (s03);

  [math_tes] (m3);
  math_tes;
  math_tes on lunch_pr (s3);
  MODEL CONSTRAINT:
  New (rdiff12 rdiff13
    rdiff23 rslope12 rslope13
    rslope23 mdiff12 mdiff13
    mdiff23 mslope12 mslope13
    mslope23);

    rdiff12 = m1-m2;   mdiff12 = m01-m02;
    rdiff13 = m1-m3;   mdiff13 = m01-m03;
    rdiff23 = m2-m3;   mdiff23 = m02-m03;
    rslope12 = s1-s2;  mslope12 = s01-s02;
    rslope13 = s1-s3;  mslope13 = s01-s03;
    rslope23 = s2-s3;  mslope23 = s02-s03;
  MODEL TEST:
  !m01=m02;    !!! Distal outcome omnibus Wald test for `read_tes` !!!
    !m02=m03;

    !s01=s02;   !!! Slope difference omnibus Wald test for `read_tes on lunch_pr` !!!
    !s02=s03;

    m1=m2;       !!! Distal outcome omnibus Wald test for `math_tes` !!!
    m2=m3;

    !s1=s2;      !!! Slope difference omnibus Wald test `math_tes on lunch_pr` !!!
    !s2=s3;



*** WARNING
  Data set contains cases with missing on x-variables.
  These cases were not included in the analysis.
  Number of cases with missing on x-variables:  50
   1 WARNING(S) FOUND IN THE INPUT INSTRUCTIONS




Step3  (MANUAL 3-STEP ML APPROACH)

SUMMARY OF ANALYSIS

Number of groups                                                 1
Number of observations                                        1977

Number of dependent variables                                    3
Number of independent variables                                  1
Number of continuous latent variables                            0
Number of categorical latent variables                           1

Observed dependent variables

  Continuous
   READ_TES    MATH_TES

  Unordered categorical (nominal)
   N

Observed independent variables
   LUNCH_PR

Categorical latent variables
   C

Variables with special functions

  Centering (GRANDMEAN)
   LUNCH_PR


Estimator                                                      MLR
Information matrix                                        OBSERVED
Optimization Specifications for the Quasi-Newton Algorithm for
Continuous Outcomes
  Maximum number of iterations                                 100
  Convergence criterion                                  0.100D-05
Optimization Specifications for the EM Algorithm
  Maximum number of iterations                                 500
  Convergence criteria
    Loglikelihood change                                 0.100D-06
    Relative loglikelihood change                        0.100D-06
    Derivative                                           0.100D-05
Optimization Specifications for the M step of the EM Algorithm for
Categorical Latent variables
  Number of M step iterations                                    1
  M step convergence criterion                           0.100D-05
  Basis for M step termination                           ITERATION
Optimization Specifications for the M step of the EM Algorithm for
Censored, Binary or Ordered Categorical (Ordinal), Unordered
Categorical (Nominal) and Count Outcomes
  Number of M step iterations                                    1
  M step convergence criterion                           0.100D-05
  Basis for M step termination                           ITERATION
  Maximum value for logit thresholds                            15
  Minimum value for logit thresholds                           -15
  Minimum expected cell size for chi-square              0.100D-01
Maximum number of iterations for H1                           2000
Convergence criterion for H1                             0.100D-03
Optimization algorithm                                         EMA

Input data file(s)
  /Users/agarber/github/interpret-aux-vars/3step_mplus/EX2_Moderation_Model.dat
Input data format  FREE


SUMMARY OF DATA

     Number of missing data patterns             3
     Number of y missing data patterns           3
     Number of u missing data patterns           0


COVARIANCE COVERAGE OF DATA

Minimum covariance coverage value   0.100


     PROPORTION OF DATA PRESENT FOR Y


           Covariance Coverage
              READ_TES      MATH_TES      LUNCH_PR
              ________      ________      ________
 READ_TES       0.947
 MATH_TES       0.945         0.945
 LUNCH_PR       0.947         0.945         1.000


UNIVARIATE PROPORTIONS AND COUNTS FOR CATEGORICAL VARIABLES

    N
      Category 1    0.289          571.000
      Category 2    0.098          193.000
      Category 3    0.614         1213.000



UNIVARIATE SAMPLE STATISTICS


     UNIVARIATE HIGHER-ORDER MOMENT DESCRIPTIVE STATISTICS

         Variable/         Mean/     Skewness/   Minimum/ % with                Percentiles
        Sample Size      Variance    Kurtosis    Maximum  Min/Max      20%/60%    40%/80%    Median

     READ_TES             42.765       0.309       2.000    0.05%      24.500     34.000     40.000
            1873.000     405.348      -0.699      99.500    0.05%      47.000     62.000
     MATH_TES             41.580       0.336       0.500    0.05%      24.000     33.000     39.000
            1869.000     431.377      -0.666      97.500    0.11%      46.000     62.000
     LUNCH_PR              0.000      -1.652      -0.818   18.16%       0.182      0.182      0.182
            1977.000       0.149       0.729       0.182   81.84%       0.182      0.182


THE MODEL ESTIMATION TERMINATED NORMALLY



MODEL FIT INFORMATION

Number of Free Parameters                       21

Loglikelihood

          H0 Value                      -16417.862
          H0 Scaling Correction Factor      1.1369
            for MLR

Information Criteria

          Akaike (AIC)                   32877.724
          Bayesian (BIC)                 32995.101
          Sample-Size Adjusted BIC       32928.383
            (n* = (n + 2) / 24)

Wald Test of Parameter Constraints

          Value                             23.805
          Degrees of Freedom                     2
          P-Value                           0.0000



FINAL CLASS COUNTS AND PROPORTIONS FOR THE LATENT CLASSES
BASED ON THE ESTIMATED MODEL

    Latent
   Classes

       1        561.69375          0.28411
       2        213.77391          0.10813
       3       1201.53234          0.60776


FINAL CLASS COUNTS AND PROPORTIONS FOR THE LATENT CLASSES
BASED ON ESTIMATED POSTERIOR PROBABILITIES

    Latent
   Classes

       1        561.69375          0.28411
       2        213.77391          0.10813
       3       1201.53234          0.60776


FINAL CLASS COUNTS AND PROPORTIONS FOR THE LATENT CLASSES
BASED ON THEIR MOST LIKELY LATENT CLASS MEMBERSHIP

Class Counts and Proportions

    Latent
   Classes

       1              542          0.27415
       2              184          0.09307
       3             1251          0.63278


CLASSIFICATION QUALITY

     Entropy                         0.580


Average Latent Class Probabilities for Most Likely Latent Class Membership (Row)
by Latent Class (Column)

           1        2        3

    1   0.752    0.036    0.212
    2   0.016    0.913    0.071
    3   0.121    0.021    0.858


Classification Probabilities for the Most Likely Latent Class Membership (Column)
by Latent Class (Row)

           1        2        3

    1   0.726    0.005    0.269
    2   0.091    0.786    0.123
    3   0.096    0.011    0.894


Logits for the Classification Probabilities for the Most Likely Latent Class Membership (Column)
by Latent Class (Row)

              1        2        3

    1      0.994   -3.938    0.000
    2     -0.301    1.856    0.000
    3     -2.236   -4.415    0.000


MODEL RESULTS

                                                    Two-Tailed
                    Estimate       S.E.  Est./S.E.    P-Value

Latent Class 1

 READ_TES   ON
    LUNCH_PR          18.814      2.043      9.208      0.000

 MATH_TES   ON
    LUNCH_PR          18.669      1.933      9.660      0.000

 MATH_TES WITH
    READ_TES         342.952     12.209     28.090      0.000

 Means
    N#1                1.192      0.000    999.000    999.000
    N#2               -3.911      0.000    999.000    999.000

 Intercepts
    READ_TES          36.425      1.051     34.655      0.000
    MATH_TES          36.279      1.067     34.010      0.000

 Residual Variances
    READ_TES         340.800     12.926     26.366      0.000
    MATH_TES         366.544     13.753     26.651      0.000

Latent Class 2

 READ_TES   ON
    LUNCH_PR         -23.703      6.803     -3.484      0.000

 MATH_TES   ON
    LUNCH_PR         -26.330      7.602     -3.464      0.001

 MATH_TES WITH
    READ_TES         342.952     12.209     28.090      0.000

 Means
    N#1                0.280      0.000    999.000    999.000
    N#2                2.292      0.000    999.000    999.000

 Intercepts
    READ_TES          44.497      1.713     25.978      0.000
    MATH_TES          42.846      1.817     23.575      0.000

 Residual Variances
    READ_TES         347.417     14.191     24.482      0.000
    MATH_TES         365.799     15.358     23.818      0.000

Latent Class 3

 READ_TES   ON
    LUNCH_PR         -15.680      2.382     -6.584      0.000

 MATH_TES   ON
    LUNCH_PR         -11.395      2.383     -4.782      0.000

 MATH_TES WITH
    READ_TES         342.952     12.209     28.090      0.000

 Means
    N#1               -1.936      0.000    999.000    999.000
    N#2               -4.247      0.000    999.000    999.000

 Intercepts
    READ_TES          44.940      0.748     60.047      0.000
    MATH_TES          43.425      0.774     56.120      0.000

 Residual Variances
    READ_TES         361.965     13.351     27.111      0.000
    MATH_TES         410.781     12.802     32.088      0.000

Categorical Latent Variables

 Means
    C#1               -0.760      0.092     -8.226      0.000
    C#2               -1.726      0.093    -18.658      0.000

New/Additional Parameters
    RDIFF12           -6.566      2.171     -3.024      0.002
    RDIFF13           -7.146      1.504     -4.751      0.000
    RDIFF23           -0.580      2.050     -0.283      0.777
    RSLOPE12          44.999      7.948      5.662      0.000
    RSLOPE13          30.064      3.313      9.075      0.000
    RSLOPE23         -14.935      8.388     -1.780      0.075
    MDIFF12           -8.071      2.080     -3.881      0.000
    MDIFF13           -8.514      1.476     -5.768      0.000
    MDIFF23           -0.443      1.935     -0.229      0.819
    MSLOPE12          42.516      7.195      5.909      0.000
    MSLOPE13          34.494      3.453      9.991      0.000
    MSLOPE23          -8.022      7.556     -1.062      0.288


QUALITY OF NUMERICAL RESULTS

     Condition Number for the Information Matrix              0.104E-04
       (ratio of smallest to largest eigenvalue)


     Beginning Time:  19:10:46
        Ending Time:  19:10:46
       Elapsed Time:  00:00:00



MUTHEN & MUTHEN
3463 Stoner Ave.
Los Angeles, CA  90066

Tel: (310) 391-9971
Fax: (310) 391-8971
Web: www.StatModel.com
Support: Support@StatModel.com

Copyright (c) 1998-2021 Muthen & Muthen
